c:\users\ronni\source\repos\blocky\blocky\debug\blocky.pch
c:\users\ronni\source\repos\blocky\blocky\debug\vc141.pdb
c:\users\ronni\source\repos\blocky\blocky\debug\vc141.idb
c:\users\ronni\source\repos\blocky\blocky\debug\stdafx.obj
c:\users\ronni\source\repos\blocky\blocky\debug\block.obj
c:\users\ronni\source\repos\blocky\blocky\debug\blockchain.obj
c:\users\ronni\source\repos\blocky\blocky\debug\crypto.obj
c:\users\ronni\source\repos\blocky\blocky\debug\filemanager.obj
c:\users\ronni\source\repos\blocky\blocky\debug\source.obj
c:\users\ronni\source\repos\blocky\blocky\debug\transaction.obj
c:\users\ronni\source\repos\blocky\blocky\debug\util.obj
c:\users\gil\source\repos\blocky\blocky\debug\blocky.pch
c:\users\gil\source\repos\blocky\blocky\debug\vc141.pdb
c:\users\gil\source\repos\blocky\blocky\debug\vc141.idb
c:\users\gil\source\repos\blocky\blocky\debug\stdafx.obj
c:\users\gil\source\repos\blocky\blocky\debug\util.obj
c:\users\gil\source\repos\blocky\blocky\debug\transaction.obj
c:\users\gil\source\repos\blocky\blocky\debug\source.obj
c:\users\gil\source\repos\blocky\blocky\debug\filemanager.obj
c:\users\gil\source\repos\blocky\blocky\debug\crypto.obj
c:\users\gil\source\repos\blocky\blocky\debug\blockchain.obj
c:\users\gil\source\repos\blocky\blocky\debug\block.obj
c:\users\ronni\source\repos\blocky\debug\blocky.exe
c:\users\ronni\source\repos\blocky\debug\blocky.ilk
c:\users\ronni\source\repos\blocky\debug\blocky.pdb
c:\users\gil\source\repos\blocky\debug\blocky.ilk
c:\users\gil\source\repos\blocky\debug\blocky.exe
c:\users\gil\source\repos\blocky\debug\blocky.pdb
c:\users\gil\source\repos\blocky\blocky\debug\source.obj.enc
c:\users\gil\source\repos\blocky\blocky\debug\blocky.tlog\cl.command.1.tlog
c:\users\gil\source\repos\blocky\blocky\debug\blocky.tlog\cl.read.1.tlog
c:\users\gil\source\repos\blocky\blocky\debug\blocky.tlog\cl.write.1.tlog
c:\users\gil\source\repos\blocky\blocky\debug\blocky.tlog\link.command.1.tlog
c:\users\gil\source\repos\blocky\blocky\debug\blocky.tlog\link.read.1.tlog
c:\users\gil\source\repos\blocky\blocky\debug\blocky.tlog\link.write.1.tlog
