c:\users\ronni\source\repos\blocky\blocky\x64\debug\vc141.pdb
c:\users\ronni\source\repos\blocky\blocky\x64\debug\vc141.idb
c:\users\ronni\source\repos\blocky\blocky\x64\debug\block.obj
c:\users\ronni\source\repos\blocky\blocky\x64\debug\blockchain.obj
c:\users\ronni\source\repos\blocky\blocky\x64\debug\crypto.obj
c:\users\ronni\source\repos\blocky\blocky\x64\debug\filemanager.obj
c:\users\ronni\source\repos\blocky\blocky\x64\debug\source.obj
c:\users\ronni\source\repos\blocky\blocky\x64\debug\transaction.obj
c:\users\ronni\source\repos\blocky\blocky\x64\debug\util.obj
c:\users\ronni\source\repos\blocky\x64\debug\blocky.pdb
c:\users\ronni\source\repos\blocky\blocky\x64\debug\blocky.tlog\cl.command.1.tlog
c:\users\ronni\source\repos\blocky\blocky\x64\debug\blocky.tlog\cl.read.1.tlog
c:\users\ronni\source\repos\blocky\blocky\x64\debug\blocky.tlog\cl.write.1.tlog
c:\users\ronni\source\repos\blocky\blocky\x64\debug\blocky.tlog\link-cvtres.read.1.tlog
c:\users\ronni\source\repos\blocky\blocky\x64\debug\blocky.tlog\link-cvtres.write.1.tlog
c:\users\ronni\source\repos\blocky\blocky\x64\debug\blocky.tlog\link-rc.read.1.tlog
c:\users\ronni\source\repos\blocky\blocky\x64\debug\blocky.tlog\link-rc.write.1.tlog
c:\users\ronni\source\repos\blocky\blocky\x64\debug\blocky.tlog\link.command.1.tlog
c:\users\ronni\source\repos\blocky\blocky\x64\debug\blocky.tlog\link.read.1.tlog
c:\users\ronni\source\repos\blocky\blocky\x64\debug\blocky.tlog\link.write.1.tlog
