  Util.cpp
  Transaction.cpp
  Source.cpp
  FileManager.cpp
  Crypto.cpp
  Blockchain.cpp
  Block.cpp
  Generating Code...
Crypto.obj : error LNK2019: unresolved external symbol BN_is_odd referenced in function "class std::basic_string<char,struct std::char_traits<char>,class std::allocator<char> > __cdecl Crypto::getPublicString(struct ec_key_st *)" (?getPublicString@Crypto@@YA?AV?$basic_string@DU?$char_traits@D@std@@V?$allocator@D@2@@std@@PEAUec_key_st@@@Z)
Crypto.obj : error LNK2019: unresolved external symbol BN_new referenced in function "class std::basic_string<char,struct std::char_traits<char>,class std::allocator<char> > __cdecl Crypto::getPublicString(struct ec_key_st *)" (?getPublicString@Crypto@@YA?AV?$basic_string@DU?$char_traits@D@std@@V?$allocator@D@2@@std@@PEAUec_key_st@@@Z)
Util.obj : error LNK2001: unresolved external symbol BN_new
Crypto.obj : error LNK2019: unresolved external symbol BN_bn2hex referenced in function "class std::basic_string<char,struct std::char_traits<char>,class std::allocator<char> > __cdecl Crypto::getPrivateString(struct ec_key_st *)" (?getPrivateString@Crypto@@YA?AV?$basic_string@DU?$char_traits@D@std@@V?$allocator@D@2@@std@@PEAUec_key_st@@@Z)
Util.obj : error LNK2001: unresolved external symbol BN_bn2hex
Crypto.obj : error LNK2019: unresolved external symbol BN_hex2bn referenced in function "class std::basic_string<char,struct std::char_traits<char>,class std::allocator<char> > __cdecl Crypto::sign(class std::basic_string<char,struct std::char_traits<char>,class std::allocator<char> >,class std::basic_string<char,struct std::char_traits<char>,class std::allocator<char> >)" (?sign@Crypto@@YA?AV?$basic_string@DU?$char_traits@D@std@@V?$allocator@D@2@@std@@V23@0@Z)
Util.obj : error LNK2001: unresolved external symbol BN_hex2bn
Crypto.obj : error LNK2019: unresolved external symbol EC_GROUP_new_by_curve_name referenced in function "struct ec_key_st * __cdecl Crypto::genKey(void)" (?genKey@Crypto@@YAPEAUec_key_st@@XZ)
Crypto.obj : error LNK2019: unresolved external symbol EC_POINT_new referenced in function "bool __cdecl Crypto::verify(class std::basic_string<char,struct std::char_traits<char>,class std::allocator<char> >,class std::basic_string<char,struct std::char_traits<char>,class std::allocator<char> >,class std::basic_string<char,struct std::char_traits<char>,class std::allocator<char> >)" (?verify@Crypto@@YA_NV?$basic_string@DU?$char_traits@D@std@@V?$allocator@D@2@@std@@00@Z)
Crypto.obj : error LNK2019: unresolved external symbol EC_POINT_get_affine_coordinates_GFp referenced in function "class std::basic_string<char,struct std::char_traits<char>,class std::allocator<char> > __cdecl Crypto::getPublicString(struct ec_key_st *)" (?getPublicString@Crypto@@YA?AV?$basic_string@DU?$char_traits@D@std@@V?$allocator@D@2@@std@@PEAUec_key_st@@@Z)
Crypto.obj : error LNK2019: unresolved external symbol EC_POINT_set_compressed_coordinates_GFp referenced in function "bool __cdecl Crypto::verify(class std::basic_string<char,struct std::char_traits<char>,class std::allocator<char> >,class std::basic_string<char,struct std::char_traits<char>,class std::allocator<char> >,class std::basic_string<char,struct std::char_traits<char>,class std::allocator<char> >)" (?verify@Crypto@@YA_NV?$basic_string@DU?$char_traits@D@std@@V?$allocator@D@2@@std@@00@Z)
Crypto.obj : error LNK2019: unresolved external symbol EC_KEY_new referenced in function "struct ec_key_st * __cdecl Crypto::genKey(void)" (?genKey@Crypto@@YAPEAUec_key_st@@XZ)
Crypto.obj : error LNK2019: unresolved external symbol EC_KEY_get0_group referenced in function "class std::basic_string<char,struct std::char_traits<char>,class std::allocator<char> > __cdecl Crypto::getPublicString(struct ec_key_st *)" (?getPublicString@Crypto@@YA?AV?$basic_string@DU?$char_traits@D@std@@V?$allocator@D@2@@std@@PEAUec_key_st@@@Z)
Crypto.obj : error LNK2019: unresolved external symbol EC_KEY_set_group referenced in function "struct ec_key_st * __cdecl Crypto::genKey(void)" (?genKey@Crypto@@YAPEAUec_key_st@@XZ)
Crypto.obj : error LNK2019: unresolved external symbol EC_KEY_get0_private_key referenced in function "class std::basic_string<char,struct std::char_traits<char>,class std::allocator<char> > __cdecl Crypto::getPrivateString(struct ec_key_st *)" (?getPrivateString@Crypto@@YA?AV?$basic_string@DU?$char_traits@D@std@@V?$allocator@D@2@@std@@PEAUec_key_st@@@Z)
Crypto.obj : error LNK2019: unresolved external symbol EC_KEY_set_private_key referenced in function "class std::basic_string<char,struct std::char_traits<char>,class std::allocator<char> > __cdecl Crypto::sign(class std::basic_string<char,struct std::char_traits<char>,class std::allocator<char> >,class std::basic_string<char,struct std::char_traits<char>,class std::allocator<char> >)" (?sign@Crypto@@YA?AV?$basic_string@DU?$char_traits@D@std@@V?$allocator@D@2@@std@@V23@0@Z)
Crypto.obj : error LNK2019: unresolved external symbol EC_KEY_get0_public_key referenced in function "class std::basic_string<char,struct std::char_traits<char>,class std::allocator<char> > __cdecl Crypto::getPublicString(struct ec_key_st *)" (?getPublicString@Crypto@@YA?AV?$basic_string@DU?$char_traits@D@std@@V?$allocator@D@2@@std@@PEAUec_key_st@@@Z)
Crypto.obj : error LNK2019: unresolved external symbol EC_KEY_set_public_key referenced in function "bool __cdecl Crypto::verify(class std::basic_string<char,struct std::char_traits<char>,class std::allocator<char> >,class std::basic_string<char,struct std::char_traits<char>,class std::allocator<char> >,class std::basic_string<char,struct std::char_traits<char>,class std::allocator<char> >)" (?verify@Crypto@@YA_NV?$basic_string@DU?$char_traits@D@std@@V?$allocator@D@2@@std@@00@Z)
Crypto.obj : error LNK2019: unresolved external symbol EC_KEY_generate_key referenced in function "struct ec_key_st * __cdecl Crypto::genKey(void)" (?genKey@Crypto@@YAPEAUec_key_st@@XZ)
Crypto.obj : error LNK2019: unresolved external symbol ECDSA_SIG_new referenced in function "bool __cdecl Crypto::verify(class std::basic_string<char,struct std::char_traits<char>,class std::allocator<char> >,class std::basic_string<char,struct std::char_traits<char>,class std::allocator<char> >,class std::basic_string<char,struct std::char_traits<char>,class std::allocator<char> >)" (?verify@Crypto@@YA_NV?$basic_string@DU?$char_traits@D@std@@V?$allocator@D@2@@std@@00@Z)
Crypto.obj : error LNK2019: unresolved external symbol ECDSA_SIG_get0 referenced in function "class std::basic_string<char,struct std::char_traits<char>,class std::allocator<char> > __cdecl Crypto::sign(class std::basic_string<char,struct std::char_traits<char>,class std::allocator<char> >,class std::basic_string<char,struct std::char_traits<char>,class std::allocator<char> >)" (?sign@Crypto@@YA?AV?$basic_string@DU?$char_traits@D@std@@V?$allocator@D@2@@std@@V23@0@Z)
Crypto.obj : error LNK2019: unresolved external symbol ECDSA_SIG_set0 referenced in function "bool __cdecl Crypto::verify(class std::basic_string<char,struct std::char_traits<char>,class std::allocator<char> >,class std::basic_string<char,struct std::char_traits<char>,class std::allocator<char> >,class std::basic_string<char,struct std::char_traits<char>,class std::allocator<char> >)" (?verify@Crypto@@YA_NV?$basic_string@DU?$char_traits@D@std@@V?$allocator@D@2@@std@@00@Z)
Crypto.obj : error LNK2019: unresolved external symbol ECDSA_do_sign referenced in function "class std::basic_string<char,struct std::char_traits<char>,class std::allocator<char> > __cdecl Crypto::sign(class std::basic_string<char,struct std::char_traits<char>,class std::allocator<char> >,class std::basic_string<char,struct std::char_traits<char>,class std::allocator<char> >)" (?sign@Crypto@@YA?AV?$basic_string@DU?$char_traits@D@std@@V?$allocator@D@2@@std@@V23@0@Z)
Crypto.obj : error LNK2019: unresolved external symbol ECDSA_do_verify referenced in function "bool __cdecl Crypto::verify(class std::basic_string<char,struct std::char_traits<char>,class std::allocator<char> >,class std::basic_string<char,struct std::char_traits<char>,class std::allocator<char> >,class std::basic_string<char,struct std::char_traits<char>,class std::allocator<char> >)" (?verify@Crypto@@YA_NV?$basic_string@DU?$char_traits@D@std@@V?$allocator@D@2@@std@@00@Z)
Crypto.obj : error LNK2019: unresolved external symbol SHA256_Init referenced in function "class std::basic_string<char,struct std::char_traits<char>,class std::allocator<char> > __cdecl Crypto::sign(class std::basic_string<char,struct std::char_traits<char>,class std::allocator<char> >,class std::basic_string<char,struct std::char_traits<char>,class std::allocator<char> >)" (?sign@Crypto@@YA?AV?$basic_string@DU?$char_traits@D@std@@V?$allocator@D@2@@std@@V23@0@Z)
Util.obj : error LNK2001: unresolved external symbol SHA256_Init
Crypto.obj : error LNK2019: unresolved external symbol SHA256_Update referenced in function "class std::basic_string<char,struct std::char_traits<char>,class std::allocator<char> > __cdecl Crypto::sign(class std::basic_string<char,struct std::char_traits<char>,class std::allocator<char> >,class std::basic_string<char,struct std::char_traits<char>,class std::allocator<char> >)" (?sign@Crypto@@YA?AV?$basic_string@DU?$char_traits@D@std@@V?$allocator@D@2@@std@@V23@0@Z)
Util.obj : error LNK2001: unresolved external symbol SHA256_Update
Crypto.obj : error LNK2019: unresolved external symbol SHA256_Final referenced in function "class std::basic_string<char,struct std::char_traits<char>,class std::allocator<char> > __cdecl Crypto::sign(class std::basic_string<char,struct std::char_traits<char>,class std::allocator<char> >,class std::basic_string<char,struct std::char_traits<char>,class std::allocator<char> >)" (?sign@Crypto@@YA?AV?$basic_string@DU?$char_traits@D@std@@V?$allocator@D@2@@std@@V23@0@Z)
Util.obj : error LNK2001: unresolved external symbol SHA256_Final
Util.obj : error LNK2019: unresolved external symbol FIPS_mode_set referenced in function "void __cdecl Util::cleanupOpenSSL(void)" (?cleanupOpenSSL@Util@@YAXXZ)
Util.obj : error LNK2019: unresolved external symbol OPENSSL_init_crypto referenced in function "void __cdecl Util::initOpenSSL(void)" (?initOpenSSL@Util@@YAXXZ)
Util.obj : error LNK2019: unresolved external symbol ERR_load_BIO_strings referenced in function "void __cdecl Util::initOpenSSL(void)" (?initOpenSSL@Util@@YAXXZ)
Util.obj : error LNK2019: unresolved external symbol BN_is_zero referenced in function "class std::basic_string<char,struct std::char_traits<char>,class std::allocator<char> > __cdecl Util::base58Encode(class std::basic_string<char,struct std::char_traits<char>,class std::allocator<char> >)" (?base58Encode@Util@@YA?AV?$basic_string@DU?$char_traits@D@std@@V?$allocator@D@2@@std@@V23@@Z)
Util.obj : error LNK2019: unresolved external symbol BN_CTX_new referenced in function "class std::basic_string<char,struct std::char_traits<char>,class std::allocator<char> > __cdecl Util::base58Decode(class std::basic_string<char,struct std::char_traits<char>,class std::allocator<char> >)" (?base58Decode@Util@@YA?AV?$basic_string@DU?$char_traits@D@std@@V?$allocator@D@2@@std@@V23@@Z)
Util.obj : error LNK2019: unresolved external symbol BN_CTX_start referenced in function "class std::basic_string<char,struct std::char_traits<char>,class std::allocator<char> > __cdecl Util::base58Decode(class std::basic_string<char,struct std::char_traits<char>,class std::allocator<char> >)" (?base58Decode@Util@@YA?AV?$basic_string@DU?$char_traits@D@std@@V?$allocator@D@2@@std@@V23@@Z)
Util.obj : error LNK2019: unresolved external symbol BN_copy referenced in function "class std::basic_string<char,struct std::char_traits<char>,class std::allocator<char> > __cdecl Util::base58Encode(class std::basic_string<char,struct std::char_traits<char>,class std::allocator<char> >)" (?base58Encode@Util@@YA?AV?$basic_string@DU?$char_traits@D@std@@V?$allocator@D@2@@std@@V23@@Z)
Util.obj : error LNK2019: unresolved external symbol BN_add referenced in function "class std::basic_string<char,struct std::char_traits<char>,class std::allocator<char> > __cdecl Util::base58Decode(class std::basic_string<char,struct std::char_traits<char>,class std::allocator<char> >)" (?base58Decode@Util@@YA?AV?$basic_string@DU?$char_traits@D@std@@V?$allocator@D@2@@std@@V23@@Z)
Util.obj : error LNK2019: unresolved external symbol BN_mul referenced in function "class std::basic_string<char,struct std::char_traits<char>,class std::allocator<char> > __cdecl Util::base58Decode(class std::basic_string<char,struct std::char_traits<char>,class std::allocator<char> >)" (?base58Decode@Util@@YA?AV?$basic_string@DU?$char_traits@D@std@@V?$allocator@D@2@@std@@V23@@Z)
Util.obj : error LNK2019: unresolved external symbol BN_div referenced in function "class std::basic_string<char,struct std::char_traits<char>,class std::allocator<char> > __cdecl Util::base58Encode(class std::basic_string<char,struct std::char_traits<char>,class std::allocator<char> >)" (?base58Encode@Util@@YA?AV?$basic_string@DU?$char_traits@D@std@@V?$allocator@D@2@@std@@V23@@Z)
Util.obj : error LNK2019: unresolved external symbol BN_set_word referenced in function "class std::basic_string<char,struct std::char_traits<char>,class std::allocator<char> > __cdecl Util::base58Decode(class std::basic_string<char,struct std::char_traits<char>,class std::allocator<char> >)" (?base58Decode@Util@@YA?AV?$basic_string@DU?$char_traits@D@std@@V?$allocator@D@2@@std@@V23@@Z)
Util.obj : error LNK2019: unresolved external symbol BN_bn2dec referenced in function "class std::basic_string<char,struct std::char_traits<char>,class std::allocator<char> > __cdecl Util::base58Encode(class std::basic_string<char,struct std::char_traits<char>,class std::allocator<char> >)" (?base58Encode@Util@@YA?AV?$basic_string@DU?$char_traits@D@std@@V?$allocator@D@2@@std@@V23@@Z)
Util.obj : error LNK2019: unresolved external symbol OPENSSL_init_ssl referenced in function "void __cdecl Util::initOpenSSL(void)" (?initOpenSSL@Util@@YAXXZ)
Util.obj : error LNK2019: unresolved external symbol ERR_remove_state referenced in function "void __cdecl Util::cleanupOpenSSL(void)" (?cleanupOpenSSL@Util@@YAXXZ)
Util.obj : error LNK2019: unresolved external symbol CONF_modules_unload referenced in function "void __cdecl Util::cleanupOpenSSL(void)" (?cleanupOpenSSL@Util@@YAXXZ)
C:\OpenSSL-Win32\lib\libssl.lib : warning LNK4272: library machine type 'x86' conflicts with target machine type 'x64'
C:\OpenSSL-Win32\lib\libcrypto.lib : warning LNK4272: library machine type 'x86' conflicts with target machine type 'x64'
C:\Users\Ronni\source\repos\blocky\x64\Debug\blocky.exe : fatal error LNK1120: 39 unresolved externals
